Start testing: Nov 03 17:50 EST
----------------------------------------------------------
1/4 Testing: SmokeTest
1/4 Test: SmokeTest
Command: "/Users/qianmuchen/Desktop/project_team_17/Project/tests/build/bin/test_file" "--gtest_filter=SmokeTest.*"
Directory: /Users/qianmuchen/Desktop/project_team_17/Project/tests/build
"SmokeTest" start time: Nov 03 17:50 EST
Output:
----------------------------------------------------------
Note: Google Test filter = SmokeTest.*
[==========] Running 2 tests from 1 test suite.
[----------] Global test environment set-up.
Global setup before all tests.
Connected to MySQL Server!
Database Initialized Successfully
[----------] 2 tests from SmokeTest
[ RUN      ] SmokeTest.EnsureConnection
[       OK ] SmokeTest.EnsureConnection (0 ms)
[ RUN      ] SmokeTest.EnsureTestEnvironment
[       OK ] SmokeTest.EnsureTestEnvironment (0 ms)
[----------] 2 tests from SmokeTest (0 ms total)

[----------] Global test environment tear-down
Global teardown after all tests.
[==========] 2 tests from 1 test suite ran. (57 ms total)
[  PASSED  ] 2 tests.
<end of output>
Test time =   0.07 sec
----------------------------------------------------------
Test Passed.
"SmokeTest" end time: Nov 03 17:50 EST
"SmokeTest" time elapsed: 00:00:00
----------------------------------------------------------

2/4 Testing: UserTest
2/4 Test: UserTest
Command: "/Users/qianmuchen/Desktop/project_team_17/Project/tests/build/bin/test_file" "--gtest_filter=UserTest.*"
Directory: /Users/qianmuchen/Desktop/project_team_17/Project/tests/build
"UserTest" start time: Nov 03 17:50 EST
Output:
----------------------------------------------------------
Note: Google Test filter = UserTest.*
[==========] Running 10 tests from 1 test suite.
[----------] Global test environment set-up.
Global setup before all tests.
Connected to MySQL Server!
Database Initialized Successfully
[----------] 10 tests from UserTest
[ RUN      ] UserTest.ForValidUserRegistration
[       OK ] UserTest.ForValidUserRegistration (13 ms)
[ RUN      ] UserTest.ForDuplicateUserRegistration
[       OK ] UserTest.ForDuplicateUserRegistration (17 ms)
[ RUN      ] UserTest.ForInvalidNameUser
[       OK ] UserTest.ForInvalidNameUser (3 ms)
[ RUN      ] UserTest.ForGetValidUserByName
[       OK ] UserTest.ForGetValidUserByName (14 ms)
[ RUN      ] UserTest.ForGetValidUserByID
[       OK ] UserTest.ForGetValidUserByID (22 ms)
[ RUN      ] UserTest.ForGetNonExistUser
[       OK ] UserTest.ForGetNonExistUser (8 ms)
[ RUN      ] UserTest.ForUpdateValidUser
[       OK ] UserTest.ForUpdateValidUser (34 ms)
[ RUN      ] UserTest.ForUpdateInvalidNameUser
[       OK ] UserTest.ForUpdateInvalidNameUser (16 ms)
[ RUN      ] UserTest.ForUpdateNonExistingUser
[       OK ] UserTest.ForUpdateNonExistingUser (24 ms)
[ RUN      ] UserTest.ForLeaderboard
[       OK ] UserTest.ForLeaderboard (42 ms)
[----------] 10 tests from UserTest (197 ms total)

[----------] Global test environment tear-down
Global teardown after all tests.
[==========] 10 tests from 1 test suite ran. (244 ms total)
[  PASSED  ] 10 tests.
<end of output>
Test time =   0.26 sec
----------------------------------------------------------
Test Passed.
"UserTest" end time: Nov 03 17:50 EST
"UserTest" time elapsed: 00:00:00
----------------------------------------------------------

3/4 Testing: TaskTest
3/4 Test: TaskTest
Command: "/Users/qianmuchen/Desktop/project_team_17/Project/tests/build/bin/test_file" "--gtest_filter=TaskTest.*"
Directory: /Users/qianmuchen/Desktop/project_team_17/Project/tests/build
"TaskTest" start time: Nov 03 17:50 EST
Output:
----------------------------------------------------------
Note: Google Test filter = TaskTest.*
[==========] Running 14 tests from 1 test suite.
[----------] Global test environment set-up.
Global setup before all tests.
Connected to MySQL Server!
Database Initialized Successfully
[----------] 14 tests from TaskTest
[ RUN      ] TaskTest.ForAddingValidTask
[       OK ] TaskTest.ForAddingValidTask (20 ms)
[ RUN      ] TaskTest.ForAddingInvalidTaskName
[       OK ] TaskTest.ForAddingInvalidTaskName (12 ms)
[ RUN      ] TaskTest.ForAddingTaskToNonExisitingTaskBoard
[       OK ] TaskTest.ForAddingTaskToNonExisitingTaskBoard (7 ms)
[ RUN      ] TaskTest.ForAddingTaskWithIncorrectDates
[       OK ] TaskTest.ForAddingTaskWithIncorrectDates (11 ms)
[ RUN      ] TaskTest.ForAddingRepetitiveTasks
[       OK ] TaskTest.ForAddingRepetitiveTasks (28 ms)
[ RUN      ] TaskTest.ForDeletingValidTask
[       OK ] TaskTest.ForDeletingValidTask (31 ms)
[ RUN      ] TaskTest.ForDeletingNonExistingTask
[       OK ] TaskTest.ForDeletingNonExistingTask (7 ms)
[ RUN      ] TaskTest.ForGettingValidTask
[       OK ] TaskTest.ForGettingValidTask (28 ms)
[ RUN      ] TaskTest.ForGettingNonExistingTask
[       OK ] TaskTest.ForGettingNonExistingTask (8 ms)
[ RUN      ] TaskTest.ForUpdatingValidTask
[       OK ] TaskTest.ForUpdatingValidTask (45 ms)
[ RUN      ] TaskTest.ForUpdatingNonExistingTask
[       OK ] TaskTest.ForUpdatingNonExistingTask (22 ms)
[ RUN      ] TaskTest.ForUpdaingTaskWithInvalidTaskBoard
[       OK ] TaskTest.ForUpdaingTaskWithInvalidTaskBoard (28 ms)
[ RUN      ] TaskTest.ForUpdatingConflictedTask
[       OK ] TaskTest.ForUpdatingConflictedTask (46 ms)
[ RUN      ] TaskTest.ForUpdatingTaskWithInvalidName
[       OK ] TaskTest.ForUpdatingTaskWithInvalidName (38 ms)
[----------] 14 tests from TaskTest (340 ms total)

[----------] Global test environment tear-down
Global teardown after all tests.
[==========] 14 tests from 1 test suite ran. (390 ms total)
[  PASSED  ] 14 tests.
<end of output>
Test time =   0.41 sec
----------------------------------------------------------
Test Passed.
"TaskTest" end time: Nov 03 17:50 EST
"TaskTest" time elapsed: 00:00:00
----------------------------------------------------------

4/4 Testing: TaskUserInteg
4/4 Test: TaskUserInteg
Command: "/Users/qianmuchen/Desktop/project_team_17/Project/tests/build/bin/test_file" "--gtest_filter=TaskUserInteg.*"
Directory: /Users/qianmuchen/Desktop/project_team_17/Project/tests/build
"TaskUserInteg" start time: Nov 03 17:50 EST
Output:
----------------------------------------------------------
Note: Google Test filter = TaskUserInteg.*
[==========] Running 4 tests from 1 test suite.
[----------] Global test environment set-up.
Global setup before all tests.
Connected to MySQL Server!
Database Initialized Successfully
[----------] 4 tests from TaskUserInteg
[ RUN      ] TaskUserInteg.ForGettingAssignedUser
[       OK ] TaskUserInteg.ForGettingAssignedUser (57 ms)
[ RUN      ] TaskUserInteg.ForAssigningInvalidUser
[       OK ] TaskUserInteg.ForAssigningInvalidUser (36 ms)
[ RUN      ] TaskUserInteg.ForGettingTaskByAssignedUser
[       OK ] TaskUserInteg.ForGettingTaskByAssignedUser (308 ms)
[ RUN      ] TaskUserInteg.ForGettingTaskFromNonExistingUser
[       OK ] TaskUserInteg.ForGettingTaskFromNonExistingUser (15 ms)
[----------] 4 tests from TaskUserInteg (416 ms total)

[----------] Global test environment tear-down
Global teardown after all tests.
[==========] 4 tests from 1 test suite ran. (464 ms total)
[  PASSED  ] 4 tests.
<end of output>
Test time =   0.48 sec
----------------------------------------------------------
Test Passed.
"TaskUserInteg" end time: Nov 03 17:50 EST
"TaskUserInteg" time elapsed: 00:00:00
----------------------------------------------------------

End testing: Nov 03 17:50 EST
